{
  "numFailedTestSuites": 0,
  "numFailedTests": 0,
  "numPassedTestSuites": 1,
  "numPassedTests": 4,
  "numPendingTestSuites": 0,
  "numPendingTests": 0,
  "numRuntimeErrorTestSuites": 0,
  "numTodoTests": 0,
  "numTotalTestSuites": 1,
  "numTotalTests": 4,
  "openHandles": [],
  "snapshot": {
    "added": 0,
    "didUpdate": false,
    "failure": false,
    "filesAdded": 0,
    "filesRemoved": 0,
    "filesRemovedList": [],
    "filesUnmatched": 0,
    "filesUpdated": 0,
    "matched": 0,
    "total": 0,
    "unchecked": 0,
    "uncheckedKeysByFile": [],
    "unmatched": 0,
    "updated": 0
  },
  "startTime": 1731166010774,
  "success": false,
  "testResults": [
    {
      "leaks": false,
      "numFailingTests": 0,
      "numPassingTests": 4,
      "numPendingTests": 0,
      "numTodoTests": 0,
      "openHandles": [],
      "perfStats": {
        "end": 1731166017876,
        "runtime": 6829,
        "slow": true,
        "start": 1731166011047
      },
      "skipped": false,
      "snapshot": {
        "added": 0,
        "fileDeleted": false,
        "matched": 0,
        "unchecked": 0,
        "uncheckedKeys": [],
        "unmatched": 0,
        "updated": 0
      },
      "testFilePath": "C:\\Users\\Weslley Da Motta\\OneDrive\\Documents\\Estudo\\PGATS\\Automação de API Rest\\ProjetoFinal\\test\\conteudo\\crud-conteudo.test.js",
      "testResults": [
        {
          "ancestorTitles": [
            "PGATS - Automação de Testes de API REST"
          ],
          "duration": 3,
          "failureDetails": [],
          "failureMessages": [],
          "fullName": "PGATS - Automação de Testes de API REST Test 01: Cadastrando usuario e validando dados enviados e statusCode 201.",
          "invocations": 1,
          "location": null,
          "numPassingAsserts": 7,
          "retryReasons": [],
          "status": "passed",
          "title": "Test 01: Cadastrando usuario e validando dados enviados e statusCode 201."
        },
        {
          "ancestorTitles": [
            "PGATS - Automação de Testes de API REST"
          ],
          "duration": 7,
          "failureDetails": [],
          "failureMessages": [],
          "fullName": "PGATS - Automação de Testes de API REST Teste 02: Deve consultar o registrado cadastrado anteriormente e validar resultado e statusCode",
          "invocations": 1,
          "location": null,
          "numPassingAsserts": 5,
          "retryReasons": [],
          "status": "passed",
          "title": "Teste 02: Deve consultar o registrado cadastrado anteriormente e validar resultado e statusCode"
        },
        {
          "ancestorTitles": [
            "PGATS - Automação de Testes de API REST"
          ],
          "duration": 13,
          "failureDetails": [],
          "failureMessages": [],
          "fullName": "PGATS - Automação de Testes de API REST Teste 03: Deve alterar o conteudo cadastrado anteriormente, e validar que os dados foram realmente alterados",
          "invocations": 1,
          "location": null,
          "numPassingAsserts": 5,
          "retryReasons": [],
          "status": "passed",
          "title": "Teste 03: Deve alterar o conteudo cadastrado anteriormente, e validar que os dados foram realmente alterados"
        },
        {
          "ancestorTitles": [
            "PGATS - Automação de Testes de API REST"
          ],
          "duration": 19,
          "failureDetails": [],
          "failureMessages": [],
          "fullName": "PGATS - Automação de Testes de API REST Teste 04: Deve remover o registro cadastrado, e validar a consulta do registro para garantir sua remoção",
          "invocations": 1,
          "location": null,
          "numPassingAsserts": 4,
          "retryReasons": [],
          "status": "passed",
          "title": "Teste 04: Deve remover o registro cadastrado, e validar a consulta do registro para garantir sua remoção"
        }
      ],
      "failureMessage": null
    }
  ],
  "wasInterrupted": false
}